\BOOKMARK [0][-]{chapter.1}{\376\377\000G\000I\036\332\000I\000\040\000T\000H\000I\036\306\000U}{}% 1
\BOOKMARK [1][-]{section.1.1}{\376\377\000L\000\375\000\040\000d\000o\000\040\000t\000h\036\361\000c\000\040\000h\000i\036\307\000n\000\040\001\021\036\301\000\040\000t\000\340\000i}{chapter.1}% 2
\BOOKMARK [1][-]{section.1.2}{\376\377\000M\036\345\000c\000\040\000t\000i\000\352\000u\000\040\000n\000g\000h\000i\000\352\000n\000\040\000c\036\351\000u}{chapter.1}% 3
\BOOKMARK [1][-]{section.1.3}{\376\377\000P\000h\036\241\000m\000\040\000v\000i\000\040\000v\000\340\000\040\000G\000i\036\333\000i\000\040\000h\036\241\000n}{chapter.1}% 4
\BOOKMARK [0][-]{chapter.2}{\376\377\000T\036\324\000N\000G\000\040\000Q\000U\000A\000N\000\040\000D\036\356\000\040\000L\000I\036\306\000U\000\040\000V\000\300\000\040\000P\000H\000\302\000N\000\040\000T\000\315\000C\000H\000\040\000K\000H\000\301\000M\000\040\000P\000H\000\301\000\040\000\050\000E\000D\000A\000\051}{}% 5
\BOOKMARK [1][-]{section.2.1}{\376\377\000M\000\364\000\040\000t\036\243\000\040\000t\036\255\000p\000\040\000d\036\357\000\040\000l\000i\036\307\000u}{chapter.2}% 6
\BOOKMARK [1][-]{section.2.2}{\376\377\000P\000h\000\342\000n\000\040\000t\000\355\000c\000h\000\040\000p\000h\000\342\000n\000\040\000p\000h\036\321\000i\000\040\000v\000\340\000\040\000T\001\260\001\241\000n\000g\000\040\000q\000u\000a\000n}{chapter.2}% 7
\BOOKMARK [2][-]{subsection.2.2.1}{\376\377\000P\000h\000\342\000n\000\040\000p\000h\036\321\000i\000\040\000b\000i\036\277\000n\000\040\000m\036\345\000c\000\040\000t\000i\000\352\000u\000\040\000v\000\340\000\040\000M\036\245\000t\000\040\000c\000\342\000n\000\040\000b\036\261\000n\000g\000\040\000L\036\333\000p\000\040\000\050\000C\000l\000a\000s\000s\000\040\000I\000m\000b\000a\000l\000a\000n\000c\000e\000\051}{section.2.2}% 8
\BOOKMARK [2][-]{subsection.2.2.2}{\376\377\000T\001\260\001\241\000n\000g\000\040\000q\000u\000a\000n\000\040\000g\000i\036\357\000a\000\040\000C\000\341\000c\000\040\000B\000i\036\277\000n\000\040\000v\000\340\000\040\000V\036\341\000\040\000n\036\343}{section.2.2}% 9
\BOOKMARK [2][-]{subsection.2.2.3}{\376\377\001\020\000a\000\040\000C\036\331\000n\000g\000\040\000T\000u\000y\036\277\000n\000\040\000\050\000M\000u\000l\000t\000i\000c\000o\000l\000l\000i\000n\000e\000a\000r\000i\000t\000y\000\051\000\040\000-\000\040\000B\000I\000L\000L\000\137\000A\000M\000T\000\040\000v\000\340\000\040\000P\000A\000Y\000\137\000A\000M\000T}{section.2.2}% 10
\BOOKMARK [1][-]{section.2.3}{\376\377\000P\000h\000\342\000n\000\040\000t\000\355\000c\000h\000\040\000C\000\341\000c\000\040\000B\000i\036\277\000n\000\040\000S\036\321\000\040\000H\036\315\000c\000\040\000\050\000N\000u\000m\000e\000r\000i\000c\000a\000l\000\040\000V\000a\000r\000i\000a\000b\000l\000e\000s\000\051}{chapter.2}% 11
\BOOKMARK [2][-]{subsection.2.3.1}{\376\377\000T\000h\036\321\000n\000g\000\040\000K\000\352\000\040\000M\000\364\000\040\000T\036\243\000\040\000\050\000D\000e\000s\000c\000r\000i\000p\000t\000i\000v\000e\000\040\000S\000t\000a\000t\000i\000s\000t\000i\000c\000s\000\051}{section.2.3}% 12
\BOOKMARK [2][-]{subsection.2.3.2}{\376\377\000P\000h\000\342\000n\000\040\000P\000h\036\321\000i\000\040\000v\000\340\000\040\000O\000u\000t\000l\000i\000e\000r\000s}{section.2.3}% 13
\BOOKMARK [1][-]{section.2.4}{\376\377\000P\000h\000\342\000n\000\040\000T\000\355\000c\000h\000\040\000C\000\341\000c\000\040\000B\000i\036\277\000n\000\040\000P\000h\000\342\000n\000\040\000L\000o\036\241\000i\000\040\000\050\000C\000a\000t\000e\000g\000o\000r\000i\000c\000a\000l\000\040\000V\000a\000r\000i\000a\000b\000l\000e\000s\000\051}{chapter.2}% 14
\BOOKMARK [2][-]{subsection.2.4.1}{\376\377\000P\000h\000\342\000n\000\040\000P\000h\036\321\000i\000\040\000B\000i\036\277\000n\000\040\000G\000i\036\333\000i\000\040\000T\000\355\000n\000h\000\040\000\050\000S\000E\000X\000\051}{section.2.4}% 15
\BOOKMARK [2][-]{subsection.2.4.2}{\376\377\000P\000h\000\342\000n\000\040\000P\000h\036\321\000i\000\040\000B\000i\036\277\000n\000\040\000H\036\315\000c\000\040\000V\036\245\000n\000\040\000\050\000E\000D\000U\000C\000A\000T\000I\000O\000N\000\051}{section.2.4}% 16
\BOOKMARK [2][-]{subsection.2.4.3}{\376\377\000P\000h\000\342\000n\000\040\000P\000h\036\321\000i\000\040\000B\000i\036\277\000n\000\040\000T\000\354\000n\000h\000\040\000t\000r\036\241\000n\000g\000\040\000H\000\364\000n\000\040\000N\000h\000\342\000n\000\040\000\050\000M\000A\000R\000R\000I\000A\000G\000E\000\051}{section.2.4}% 17
\BOOKMARK [0][-]{chapter.3}{\376\377\000P\000H\001\257\001\240\000N\000G\000\040\000P\000H\000\301\000P\000\040\000N\000G\000H\000I\000\312\000N\000\040\000C\036\350\000U}{}% 18
\BOOKMARK [1][-]{section.3.1}{\376\377\000T\000i\036\301\000n\000\040\000X\036\355\000\040\000L\000\375\000\040\000D\036\357\000\040\000L\000i\036\307\000u\000\040\000v\000\340\000\040\000L\000\340\000m\000\040\000S\036\241\000c\000h}{chapter.3}% 19
\BOOKMARK [2][-]{subsection.3.1.1}{\376\377\000X\036\355\000\040\000L\000\375\000\040\000B\000i\036\277\000n\000\040\001\020\036\313\000n\000h\000\040\000D\000a\000n\000h}{section.3.1}% 20
\BOOKMARK [2][-]{subsection.3.1.2}{\376\377\000X\036\355\000\040\000L\000\375\000\040\000T\000r\036\241\000n\000g\000\040\000T\000h\000\341\000i\000\040\000T\000h\000a\000n\000h\000\040\000T\000o\000\341\000n\000\040\000-\000\040\000P\000A\000Y\000\137\0000\000\040\001\021\036\277\000n\000\040\000P\000A\000Y\000\137\0006}{section.3.1}% 21
\BOOKMARK [1][-]{section.3.2}{\376\377\000K\036\371\000\040\000N\000g\000h\036\307\000\040\001\020\036\267\000c\000\040\000T\000r\001\260\000n\000g\000\040\000C\000h\000u\000y\000\352\000n\000\040\000S\000\342\000u\000\040\000\050\000F\000e\000a\000t\000u\000r\000e\000\040\000E\000n\000g\000i\000n\000e\000e\000r\000i\000n\000g\000\051}{chapter.3}% 22
\BOOKMARK [2][-]{subsection.3.2.1}{\376\377\0001\000.\000\040\000T\036\367\000\040\000L\036\307\000\040\000S\036\355\000\040\000D\036\345\000n\000g\000\040\000T\000\355\000n\000\040\000D\036\345\000n\000g\000\040\000\050\000C\000r\000e\000d\000i\000t\000\040\000U\000t\000i\000l\000i\000z\000a\000t\000i\000o\000n\000\040\000R\000a\000t\000i\000o\000\051}{section.3.2}% 23
\BOOKMARK [2][-]{subsection.3.2.2}{\376\377\0002\000.\000\040\000T\036\367\000\040\000L\036\307\000\040\000T\000h\000a\000n\000h\000\040\000T\000o\000\341\000n\000\040\000\050\000P\000a\000y\000m\000e\000n\000t\000\040\000R\000a\000t\000i\000o\000\051}{section.3.2}% 24
\BOOKMARK [2][-]{subsection.3.2.3}{\376\377\0003\000.\000\040\000T\036\247\000n\000\040\000S\000u\036\245\000t\000\040\000C\000h\036\255\000m\000\040\000N\036\343\000\040\000\050\000L\000a\000t\000e\000\040\000P\000a\000y\000m\000e\000n\000t\000\040\000C\000o\000u\000n\000t\000\051}{section.3.2}% 25
\BOOKMARK [1][-]{section.3.3}{\376\377\000G\000i\036\243\000i\000\040\000Q\000u\000y\036\277\000t\000\040\000M\036\245\000t\000\040\000C\000\342\000n\000\040\000B\036\261\000n\000g\000\040\000D\036\357\000\040\000L\000i\036\307\000u\000\040\000b\036\261\000n\000g\000\040\000S\000M\000O\000T\000E}{chapter.3}% 26
\BOOKMARK [2][-]{subsection.3.3.1}{\376\377\000S\000M\000O\000T\000E\000\040\000\050\000S\000y\000n\000t\000h\000e\000t\000i\000c\000\040\000M\000i\000n\000o\000r\000i\000t\000y\000\040\000O\000v\000e\000r\000-\000s\000a\000m\000p\000l\000i\000n\000g\000\040\000T\000e\000c\000h\000n\000i\000q\000u\000e\000\051}{section.3.3}% 27
\BOOKMARK [1][-]{section.3.4}{\376\377\000C\000\341\000c\000\040\000M\000e\000t\000r\000i\000c\000s\000\040\001\020\000\341\000n\000h\000\040\000G\000i\000\341}{chapter.3}% 28
\BOOKMARK [0][-]{chapter.4}{\376\377\000K\036\276\000T\000\040\000Q\000U\036\242\000\040\000V\000\300\000\040\000T\000H\036\242\000O\000\040\000L\000U\036\254\000N}{}% 29
\BOOKMARK [1][-]{section.4.1}{\376\377\000M\000\364\000\040\000h\000\354\000n\000h\000\040\000B\000o\000o\000s\000t\000i\000n\000g\000\040\000v\000\340\000\040\000T\036\321\000i\000\040\001\260\000u\000\040\000h\000\363\000a\000\040\000O\000p\000t\000u\000n\000a}{chapter.4}% 30
\BOOKMARK [1][-]{section.4.2}{\376\377\001\020\000\341\000n\000h\000\040\000g\000i\000\341\000\040\000v\000\340\000\040\000S\000o\000\040\000s\000\341\000n\000h\000\040\000h\000i\036\307\000u\000\040\000n\001\003\000n\000g}{chapter.4}% 31
\BOOKMARK [2][-]{subsection.4.2.1}{\376\377\000T\036\321\000i\000\040\001\260\000u\000\040\000h\000\363\000a\000\040\000s\000i\000\352\000u\000\040\000t\000h\000a\000m\000\040\000s\036\321\000\040}{section.4.2}% 32
\BOOKMARK [2][-]{subsection.4.2.2}{\376\377\000N\000h\036\255\000n\000\040\000x\000\351\000t\000\040\000v\036\301\000\040\000k\036\277\000t\000\040\000q\000u\036\243}{section.4.2}% 33
\BOOKMARK [1][-]{section.4.3}{\376\377\000P\000h\000\342\000n\000\040\000t\000\355\000c\000h\000\040\001\020\036\331\000\040\000Q\000u\000a\000n\000\040\000T\000r\036\315\000n\000g\000\040\000c\036\347\000a\000\040\001\020\036\267\000c\000\040\000T\000r\001\260\000n\000g\000\040\000\050\000F\000e\000a\000t\000u\000r\000e\000\040\000I\000m\000p\000o\000r\000t\000a\000n\000c\000e\000\051}{chapter.4}% 34
\BOOKMARK [2][-]{subsection.4.3.1}{\376\377\000N\000h\036\255\000n\000\040\000X\000\351\000t\000\040\000C\000h\000i\000\040\000T\000i\036\277\000t}{section.4.3}% 35
\BOOKMARK [1][-]{section.4.4}{\376\377\000M\000a\000\040\000t\000r\036\255\000n\000\040\000n\000h\036\247\000m\000\040\000l\036\253\000n\000\040\000\050\000C\000o\000n\000f\000u\000s\000i\000o\000n\000\040\000M\000a\000t\000r\000i\000x\000\051}{chapter.4}% 36
\BOOKMARK [0][-]{chapter.5}{\376\377\000K\036\276\000T\000\040\000L\000U\036\254\000N}{}% 37
\BOOKMARK [1][-]{section.5.1}{\376\377\000C\000\341\000c\000\040\000K\036\277\000t\000\040\000Q\000u\036\243\000\040\000C\000h\000\355\000n\000h}{chapter.5}% 38
\BOOKMARK [1][-]{section.5.2}{\376\377\036\350\000n\000g\000\040\000D\036\345\000n\000g\000\040\000T\000h\036\361\000c\000\040\000T\036\277}{chapter.5}% 39
\BOOKMARK [2][-]{subsection.5.2.1}{\376\377\000K\000h\000u\000y\036\277\000n\000\040\000N\000g\000h\036\313\000\040\000C\000h\000i\000\040\000T\000i\036\277\000t}{section.5.2}% 40
\BOOKMARK [1][-]{section.5.3}{\376\377\000G\000i\036\333\000i\000\040\000H\036\241\000n\000\040\000v\000\340\000\040\000H\036\241\000n\000\040\000C\000h\036\277}{chapter.5}% 41
\BOOKMARK [1][-]{section.5.4}{\376\377\000H\001\260\036\333\000n\000g\000\040\000P\000h\000\341\000t\000\040\000T\000r\000i\036\303\000n\000\040\000T\000i\036\277\000p\000\040\000T\000h\000e\000o}{chapter.5}% 42
\BOOKMARK [1][-]{section.5.5}{\376\377\000K\036\277\000t\000\040\000L\000u\036\255\000n\000\040\000C\000u\036\321\000i}{chapter.5}% 43
\BOOKMARK [0][-]{chapter*.19}{\376\377\000T\000\300\000I\000\040\000L\000I\036\306\000U\000\040\000T\000H\000A\000M\000\040\000K\000H\036\242\000O}{}% 44
